---------------------------------------------------------------
[ 2019-01-30T16:10:15+08:00 ] 0.0.0.0 GET /admin.php
[ info ] zxpaiban.localhost/admin.php [运行时间：0.087222s][吞吐率：11.46req/s] [内存消耗：1,484.51kb] [文件加载：41]
[ info ] [ LANG ] D:\phpStudy\WWW\liuqingyan\zxpaiban\zxpaiban_project\thinkphp\lang\zh-cn.php
[ info ] [ ROUTE ] array (
  'type' => 'module',
  'module' => 
  array (
    0 => '',
    1 => NULL,
    2 => NULL,
  ),
)
[ info ] [ HEADER ] array (
  'accept-language' => 'zh-CN,zh;q=0.9',
  'accept-encoding' => 'gzip, deflate, br',
  'accept' => 'text/html,application/xhtml+xml,application/xml;q=0.9,image/webp,image/apng,*/*;q=0.8',
  'user-agent' => 'Mozilla/5.0 (Windows NT 10.0; Win64; x64) AppleWebKit/537.36 (KHTML, like Gecko) Chrome/71.0.3578.98 Safari/537.36',
  'upgrade-insecure-requests' => '1',
  'connection' => 'close',
  'host' => 'zxpaiban.localhost',
)
[ info ] [ PARAM ] array (
)
[ info ] [ RUN ] app\index\controller\Index->index[ D:\phpStudy\WWW\liuqingyan\zxpaiban\zxpaiban_project\admin\index\controller\Index.php ]
[ info ] [ SESSION ] INIT array (
  'id' => '',
  'var_session_id' => '',
  'prefix' => 'think',
  'type' => '',
  'auto_start' => true,
)
[ info ] [ LOG ] INIT File
---------------------------------------------------------------
[ 2019-01-30T16:10:15+08:00 ] 0.0.0.0 GET /admin.php/index/index/login.html
[ info ] zxpaiban.localhost/admin.php/index/index/login.html [运行时间：0.138407s][吞吐率：7.23req/s] [内存消耗：1,619.95kb] [文件加载：44]
[ info ] [ LANG ] D:\phpStudy\WWW\liuqingyan\zxpaiban\zxpaiban_project\thinkphp\lang\zh-cn.php
[ info ] [ ROUTE ] array (
  'type' => 'module',
  'module' => 
  array (
    0 => 'index',
    1 => 'index',
    2 => 'login',
  ),
)
[ info ] [ HEADER ] array (
  'cookie' => 'PHPSESSID=usjbug3bupmji3rvrpbeo3s477',
  'accept-language' => 'zh-CN,zh;q=0.9',
  'accept-encoding' => 'gzip, deflate, br',
  'accept' => 'text/html,application/xhtml+xml,application/xml;q=0.9,image/webp,image/apng,*/*;q=0.8',
  'user-agent' => 'Mozilla/5.0 (Windows NT 10.0; Win64; x64) AppleWebKit/537.36 (KHTML, like Gecko) Chrome/71.0.3578.98 Safari/537.36',
  'upgrade-insecure-requests' => '1',
  'connection' => 'close',
  'host' => 'zxpaiban.localhost',
)
[ info ] [ PARAM ] array (
)
[ info ] [ RUN ] app\index\controller\Index->login[ D:\phpStudy\WWW\liuqingyan\zxpaiban\zxpaiban_project\admin\index\controller\Index.php ]
[ info ] [ SESSION ] INIT array (
  'id' => '',
  'var_session_id' => '',
  'prefix' => 'think',
  'type' => '',
  'auto_start' => true,
)
[ info ] [ VIEW ] D:\phpStudy\WWW\liuqingyan\zxpaiban\zxpaiban_project/admin/index\view\index.login.html [ array (
) ]
[ info ] [ LOG ] INIT File
---------------------------------------------------------------
[ 2019-01-30T16:10:24+08:00 ] 0.0.0.0 POST /admin.php/index/index/checklogin
[ info ] zxpaiban.localhost/admin.php/index/index/checklogin [运行时间：1.310602s][吞吐率：0.76req/s] [内存消耗：2,208.83kb] [文件加载：47]
[ info ] [ LANG ] D:\phpStudy\WWW\liuqingyan\zxpaiban\zxpaiban_project\thinkphp\lang\zh-cn.php
[ info ] [ ROUTE ] array (
  'type' => 'module',
  'module' => 
  array (
    0 => 'index',
    1 => 'index',
    2 => 'checklogin',
  ),
)
[ info ] [ HEADER ] array (
  'cookie' => 'thinkphp_show_page_trace=0|0; PHPSESSID=usjbug3bupmji3rvrpbeo3s477',
  'accept-language' => 'zh-CN,zh;q=0.9',
  'accept-encoding' => 'gzip, deflate, br',
  'referer' => 'http://zxpaiban.localhost/admin.php/index/index/login.html',
  'accept' => 'text/html,application/xhtml+xml,application/xml;q=0.9,image/webp,image/apng,*/*;q=0.8',
  'user-agent' => 'Mozilla/5.0 (Windows NT 10.0; Win64; x64) AppleWebKit/537.36 (KHTML, like Gecko) Chrome/71.0.3578.98 Safari/537.36',
  'content-type' => 'application/x-www-form-urlencoded',
  'upgrade-insecure-requests' => '1',
  'origin' => 'http://zxpaiban.localhost',
  'cache-control' => 'max-age=0',
  'content-length' => '31',
  'connection' => 'close',
  'host' => 'zxpaiban.localhost',
)
[ info ] [ PARAM ] array (
  'adminname' => 'admin',
  'adminpwd' => '123456',
)
[ info ] [ RUN ] app\index\controller\Index->checklogin[ D:\phpStudy\WWW\liuqingyan\zxpaiban\zxpaiban_project\admin\index\controller\Index.php ]
[ info ] [ DB ] INIT mysql
[ info ] [ SESSION ] INIT array (
  'id' => '',
  'var_session_id' => '',
  'prefix' => 'think',
  'type' => '',
  'auto_start' => true,
)
[ info ] [ LOG ] INIT File
[ sql ] [ DB ] CONNECT:[ UseTime:1.006081s ] mysql:host=localhost;dbname=lqy_zxpaiban;charset=utf8
[ sql ] [ SQL ] SHOW COLUMNS FROM `sy_admin` [ RunTime:0.063430s ]
[ sql ] [ SQL ] SELECT * FROM `sy_admin` WHERE  `name` = 'admin'  AND `pwd` = 'e10adc3949ba59abbe56e057f20f883e' LIMIT 1 [ RunTime:0.000995s ]
[ sql ] [ SQL ] SHOW COLUMNS FROM `sy_system_role_auth` [ RunTime:0.053297s ]
[ sql ] [ SQL ] SELECT * FROM `sy_system_role_auth` WHERE  (  role_id='' ) [ RunTime:0.000681s ]
[ sql ] [ SQL ] SHOW COLUMNS FROM `sy_admin_operate_log` [ RunTime:0.049475s ]
[ sql ] [ SQL ] INSERT INTO `sy_admin_operate_log` (`content` , `admin_id` , `create_ip` , `create_time`) VALUES ('admin登录网站后台管理系统。' , 1 , '::1' , 1548835824) [ RunTime:0.001323s ]
---------------------------------------------------------------
[ 2019-01-30T16:10:24+08:00 ] 0.0.0.0 GET /admin.php/index/index/index.html
[ info ] zxpaiban.localhost/admin.php/index/index/index.html [运行时间：0.112019s][吞吐率：8.93req/s] [内存消耗：1,615.94kb] [文件加载：44]
[ info ] [ LANG ] D:\phpStudy\WWW\liuqingyan\zxpaiban\zxpaiban_project\thinkphp\lang\zh-cn.php
[ info ] [ ROUTE ] array (
  'type' => 'module',
  'module' => 
  array (
    0 => 'index',
    1 => 'index',
    2 => 'index',
  ),
)
[ info ] [ HEADER ] array (
  'cookie' => 'thinkphp_show_page_trace=0|0; PHPSESSID=usjbug3bupmji3rvrpbeo3s477',
  'accept-language' => 'zh-CN,zh;q=0.9',
  'accept-encoding' => 'gzip, deflate, br',
  'referer' => 'http://zxpaiban.localhost/admin.php/index/index/checklogin',
  'accept' => 'text/html,application/xhtml+xml,application/xml;q=0.9,image/webp,image/apng,*/*;q=0.8',
  'user-agent' => 'Mozilla/5.0 (Windows NT 10.0; Win64; x64) AppleWebKit/537.36 (KHTML, like Gecko) Chrome/71.0.3578.98 Safari/537.36',
  'upgrade-insecure-requests' => '1',
  'connection' => 'close',
  'host' => 'zxpaiban.localhost',
)
[ info ] [ PARAM ] array (
)
[ info ] [ RUN ] app\index\controller\Index->index[ D:\phpStudy\WWW\liuqingyan\zxpaiban\zxpaiban_project\admin\index\controller\Index.php ]
[ info ] [ SESSION ] INIT array (
  'id' => '',
  'var_session_id' => '',
  'prefix' => 'think',
  'type' => '',
  'auto_start' => true,
)
[ info ] [ VIEW ] D:\phpStudy\WWW\liuqingyan\zxpaiban\zxpaiban_project/admin/index\view\index.index.html [ array (
) ]
[ info ] [ LOG ] INIT File
---------------------------------------------------------------
[ 2019-01-30T16:10:24+08:00 ] 0.0.0.0 GET /admin.php/index/index/header
[ info ] zxpaiban.localhost/admin.php/index/index/header [运行时间：0.129192s][吞吐率：7.74req/s] [内存消耗：1,648.71kb] [文件加载：45]
[ info ] [ LANG ] D:\phpStudy\WWW\liuqingyan\zxpaiban\zxpaiban_project\thinkphp\lang\zh-cn.php
[ info ] [ ROUTE ] array (
  'type' => 'module',
  'module' => 
  array (
    0 => 'index',
    1 => 'index',
    2 => 'header',
  ),
)
[ info ] [ HEADER ] array (
  'cookie' => 'thinkphp_show_page_trace=0|0; PHPSESSID=usjbug3bupmji3rvrpbeo3s477',
  'accept-language' => 'zh-CN,zh;q=0.9',
  'accept-encoding' => 'gzip, deflate, br',
  'referer' => 'http://zxpaiban.localhost/admin.php/index/index/index.html',
  'accept' => 'text/html,application/xhtml+xml,application/xml;q=0.9,image/webp,image/apng,*/*;q=0.8',
  'user-agent' => 'Mozilla/5.0 (Windows NT 10.0; Win64; x64) AppleWebKit/537.36 (KHTML, like Gecko) Chrome/71.0.3578.98 Safari/537.36',
  'upgrade-insecure-requests' => '1',
  'connection' => 'close',
  'host' => 'zxpaiban.localhost',
)
[ info ] [ PARAM ] array (
)
[ info ] [ RUN ] app\index\controller\Index->header[ D:\phpStudy\WWW\liuqingyan\zxpaiban\zxpaiban_project\admin\index\controller\Index.php ]
[ info ] [ VIEW ] D:\phpStudy\WWW\liuqingyan\zxpaiban\zxpaiban_project/admin/index\view\index.header.html [ array (
) ]
[ info ] [ SESSION ] INIT array (
  'id' => '',
  'var_session_id' => '',
  'prefix' => 'think',
  'type' => '',
  'auto_start' => true,
)
[ info ] [ LOG ] INIT File
---------------------------------------------------------------
[ 2019-01-30T16:10:25+08:00 ] 0.0.0.0 GET /admin.php/index/index/main
[ info ] zxpaiban.localhost/admin.php/index/index/main [运行时间：0.196140s][吞吐率：5.10req/s] [内存消耗：1,635.85kb] [文件加载：44]
[ info ] [ LANG ] D:\phpStudy\WWW\liuqingyan\zxpaiban\zxpaiban_project\thinkphp\lang\zh-cn.php
[ info ] [ ROUTE ] array (
  'type' => 'module',
  'module' => 
  array (
    0 => 'index',
    1 => 'index',
    2 => 'main',
  ),
)
[ info ] [ HEADER ] array (
  'cookie' => 'thinkphp_show_page_trace=0|0; PHPSESSID=usjbug3bupmji3rvrpbeo3s477',
  'accept-language' => 'zh-CN,zh;q=0.9',
  'accept-encoding' => 'gzip, deflate, br',
  'referer' => 'http://zxpaiban.localhost/admin.php/index/index/index.html',
  'accept' => 'text/html,application/xhtml+xml,application/xml;q=0.9,image/webp,image/apng,*/*;q=0.8',
  'user-agent' => 'Mozilla/5.0 (Windows NT 10.0; Win64; x64) AppleWebKit/537.36 (KHTML, like Gecko) Chrome/71.0.3578.98 Safari/537.36',
  'upgrade-insecure-requests' => '1',
  'connection' => 'close',
  'host' => 'zxpaiban.localhost',
)
[ info ] [ PARAM ] array (
)
[ info ] [ RUN ] app\index\controller\Index->main[ D:\phpStudy\WWW\liuqingyan\zxpaiban\zxpaiban_project\admin\index\controller\Index.php ]
[ info ] [ VIEW ] D:\phpStudy\WWW\liuqingyan\zxpaiban\zxpaiban_project/admin/index\view\index.main.html [ array (
) ]
[ info ] [ SESSION ] INIT array (
  'id' => '',
  'var_session_id' => '',
  'prefix' => 'think',
  'type' => '',
  'auto_start' => true,
)
[ info ] [ LOG ] INIT File
---------------------------------------------------------------
[ 2019-01-30T16:10:25+08:00 ] 0.0.0.0 GET /admin.php/index/index/menu
[ info ] zxpaiban.localhost/admin.php/index/index/menu [运行时间：0.349692s][吞吐率：2.86req/s] [内存消耗：1,666.77kb] [文件加载：45]
[ info ] [ LANG ] D:\phpStudy\WWW\liuqingyan\zxpaiban\zxpaiban_project\thinkphp\lang\zh-cn.php
[ info ] [ ROUTE ] array (
  'type' => 'module',
  'module' => 
  array (
    0 => 'index',
    1 => 'index',
    2 => 'menu',
  ),
)
[ info ] [ HEADER ] array (
  'cookie' => 'thinkphp_show_page_trace=0|0; PHPSESSID=usjbug3bupmji3rvrpbeo3s477',
  'accept-language' => 'zh-CN,zh;q=0.9',
  'accept-encoding' => 'gzip, deflate, br',
  'referer' => 'http://zxpaiban.localhost/admin.php/index/index/index.html',
  'accept' => 'text/html,application/xhtml+xml,application/xml;q=0.9,image/webp,image/apng,*/*;q=0.8',
  'user-agent' => 'Mozilla/5.0 (Windows NT 10.0; Win64; x64) AppleWebKit/537.36 (KHTML, like Gecko) Chrome/71.0.3578.98 Safari/537.36',
  'upgrade-insecure-requests' => '1',
  'connection' => 'close',
  'host' => 'zxpaiban.localhost',
)
[ info ] [ PARAM ] array (
)
[ info ] [ RUN ] app\index\controller\Index->menu[ D:\phpStudy\WWW\liuqingyan\zxpaiban\zxpaiban_project\admin\index\controller\Index.php ]
[ info ] [ VIEW ] D:\phpStudy\WWW\liuqingyan\zxpaiban\zxpaiban_project/admin/index\view\index.menu.html [ array (
) ]
[ info ] [ SESSION ] INIT array (
  'id' => '',
  'var_session_id' => '',
  'prefix' => 'think',
  'type' => '',
  'auto_start' => true,
)
[ info ] [ LOG ] INIT File
---------------------------------------------------------------
[ 2019-01-30T16:46:54+08:00 ] 0.0.0.0 GET /admin.php/index/index/index.html
[ info ] zxpaiban.localhost/admin.php/index/index/index.html [运行时间：0.122529s][吞吐率：8.16req/s] [内存消耗：1,615.40kb] [文件加载：44]
[ info ] [ LANG ] D:\phpStudy\WWW\liuqingyan\zxpaiban\zxpaiban_project\thinkphp\lang\zh-cn.php
[ info ] [ ROUTE ] array (
  'type' => 'module',
  'module' => 
  array (
    0 => 'index',
    1 => 'index',
    2 => 'index',
  ),
)
[ info ] [ HEADER ] array (
  'cookie' => 'thinkphp_show_page_trace=0|0; PHPSESSID=usjbug3bupmji3rvrpbeo3s477',
  'accept-language' => 'zh-CN,zh;q=0.9',
  'accept-encoding' => 'gzip, deflate, br',
  'accept' => 'text/html,application/xhtml+xml,application/xml;q=0.9,image/webp,image/apng,*/*;q=0.8',
  'user-agent' => 'Mozilla/5.0 (Windows NT 10.0; Win64; x64) AppleWebKit/537.36 (KHTML, like Gecko) Chrome/71.0.3578.98 Safari/537.36',
  'upgrade-insecure-requests' => '1',
  'cache-control' => 'max-age=0',
  'connection' => 'close',
  'host' => 'zxpaiban.localhost',
)
[ info ] [ PARAM ] array (
)
[ info ] [ RUN ] app\index\controller\Index->index[ D:\phpStudy\WWW\liuqingyan\zxpaiban\zxpaiban_project\admin\index\controller\Index.php ]
[ info ] [ SESSION ] INIT array (
  'id' => '',
  'var_session_id' => '',
  'prefix' => 'think',
  'type' => '',
  'auto_start' => true,
)
[ info ] [ VIEW ] D:\phpStudy\WWW\liuqingyan\zxpaiban\zxpaiban_project/admin/index\view\index.index.html [ array (
) ]
[ info ] [ LOG ] INIT File
---------------------------------------------------------------
[ 2019-01-30T16:46:55+08:00 ] 0.0.0.0 GET /admin.php/index/index/header
[ info ] zxpaiban.localhost/admin.php/index/index/header [运行时间：0.184582s][吞吐率：5.42req/s] [内存消耗：1,648.71kb] [文件加载：45]
[ info ] [ LANG ] D:\phpStudy\WWW\liuqingyan\zxpaiban\zxpaiban_project\thinkphp\lang\zh-cn.php
[ info ] [ ROUTE ] array (
  'type' => 'module',
  'module' => 
  array (
    0 => 'index',
    1 => 'index',
    2 => 'header',
  ),
)
[ info ] [ HEADER ] array (
  'cookie' => 'thinkphp_show_page_trace=0|0; PHPSESSID=usjbug3bupmji3rvrpbeo3s477',
  'accept-language' => 'zh-CN,zh;q=0.9',
  'accept-encoding' => 'gzip, deflate, br',
  'referer' => 'http://zxpaiban.localhost/admin.php/index/index/index.html',
  'accept' => 'text/html,application/xhtml+xml,application/xml;q=0.9,image/webp,image/apng,*/*;q=0.8',
  'user-agent' => 'Mozilla/5.0 (Windows NT 10.0; Win64; x64) AppleWebKit/537.36 (KHTML, like Gecko) Chrome/71.0.3578.98 Safari/537.36',
  'upgrade-insecure-requests' => '1',
  'connection' => 'close',
  'host' => 'zxpaiban.localhost',
)
[ info ] [ PARAM ] array (
)
[ info ] [ RUN ] app\index\controller\Index->header[ D:\phpStudy\WWW\liuqingyan\zxpaiban\zxpaiban_project\admin\index\controller\Index.php ]
[ info ] [ VIEW ] D:\phpStudy\WWW\liuqingyan\zxpaiban\zxpaiban_project/admin/index\view\index.header.html [ array (
) ]
[ info ] [ SESSION ] INIT array (
  'id' => '',
  'var_session_id' => '',
  'prefix' => 'think',
  'type' => '',
  'auto_start' => true,
)
[ info ] [ LOG ] INIT File
---------------------------------------------------------------
[ 2019-01-30T16:46:56+08:00 ] 0.0.0.0 GET /admin.php/index/index/main
[ info ] zxpaiban.localhost/admin.php/index/index/main [运行时间：0.124569s][吞吐率：8.03req/s] [内存消耗：1,635.85kb] [文件加载：44]
[ info ] [ LANG ] D:\phpStudy\WWW\liuqingyan\zxpaiban\zxpaiban_project\thinkphp\lang\zh-cn.php
[ info ] [ ROUTE ] array (
  'type' => 'module',
  'module' => 
  array (
    0 => 'index',
    1 => 'index',
    2 => 'main',
  ),
)
[ info ] [ HEADER ] array (
  'cookie' => 'thinkphp_show_page_trace=0|0; PHPSESSID=usjbug3bupmji3rvrpbeo3s477',
  'accept-language' => 'zh-CN,zh;q=0.9',
  'accept-encoding' => 'gzip, deflate, br',
  'referer' => 'http://zxpaiban.localhost/admin.php/index/index/index.html',
  'accept' => 'text/html,application/xhtml+xml,application/xml;q=0.9,image/webp,image/apng,*/*;q=0.8',
  'user-agent' => 'Mozilla/5.0 (Windows NT 10.0; Win64; x64) AppleWebKit/537.36 (KHTML, like Gecko) Chrome/71.0.3578.98 Safari/537.36',
  'upgrade-insecure-requests' => '1',
  'connection' => 'close',
  'host' => 'zxpaiban.localhost',
)
[ info ] [ PARAM ] array (
)
[ info ] [ RUN ] app\index\controller\Index->main[ D:\phpStudy\WWW\liuqingyan\zxpaiban\zxpaiban_project\admin\index\controller\Index.php ]
[ info ] [ VIEW ] D:\phpStudy\WWW\liuqingyan\zxpaiban\zxpaiban_project/admin/index\view\index.main.html [ array (
) ]
[ info ] [ SESSION ] INIT array (
  'id' => '',
  'var_session_id' => '',
  'prefix' => 'think',
  'type' => '',
  'auto_start' => true,
)
[ info ] [ LOG ] INIT File
---------------------------------------------------------------
[ 2019-01-30T16:46:56+08:00 ] 0.0.0.0 GET /admin.php/index/index/menu
[ info ] zxpaiban.localhost/admin.php/index/index/menu [运行时间：0.319352s][吞吐率：3.13req/s] [内存消耗：1,679.05kb] [文件加载：45]
[ info ] [ LANG ] D:\phpStudy\WWW\liuqingyan\zxpaiban\zxpaiban_project\thinkphp\lang\zh-cn.php
[ info ] [ ROUTE ] array (
  'type' => 'module',
  'module' => 
  array (
    0 => 'index',
    1 => 'index',
    2 => 'menu',
  ),
)
[ info ] [ HEADER ] array (
  'cookie' => 'thinkphp_show_page_trace=0|0; PHPSESSID=usjbug3bupmji3rvrpbeo3s477',
  'accept-language' => 'zh-CN,zh;q=0.9',
  'accept-encoding' => 'gzip, deflate, br',
  'referer' => 'http://zxpaiban.localhost/admin.php/index/index/index.html',
  'accept' => 'text/html,application/xhtml+xml,application/xml;q=0.9,image/webp,image/apng,*/*;q=0.8',
  'user-agent' => 'Mozilla/5.0 (Windows NT 10.0; Win64; x64) AppleWebKit/537.36 (KHTML, like Gecko) Chrome/71.0.3578.98 Safari/537.36',
  'upgrade-insecure-requests' => '1',
  'connection' => 'close',
  'host' => 'zxpaiban.localhost',
)
[ info ] [ PARAM ] array (
)
[ info ] [ RUN ] app\index\controller\Index->menu[ D:\phpStudy\WWW\liuqingyan\zxpaiban\zxpaiban_project\admin\index\controller\Index.php ]
[ info ] [ VIEW ] D:\phpStudy\WWW\liuqingyan\zxpaiban\zxpaiban_project/admin/index\view\index.menu.html [ array (
) ]
[ info ] [ SESSION ] INIT array (
  'id' => '',
  'var_session_id' => '',
  'prefix' => 'think',
  'type' => '',
  'auto_start' => true,
)
[ info ] [ LOG ] INIT File
